mode: set
github.com/cliffdoyle/eks-golang/main.go:12.13,25.79 9 0
github.com/cliffdoyle/eks-golang/main.go:25.79,29.37 4 0
github.com/cliffdoyle/eks-golang/main.go:29.37,32.4 2 0
github.com/cliffdoyle/eks-golang/main.go:33.3,33.22 1 0
github.com/cliffdoyle/eks-golang/main.go:36.2,37.54 2 0
github.com/cliffdoyle/eks-golang/internal/repository/movie_repository.go:26.43,35.16 3 0
github.com/cliffdoyle/eks-golang/internal/repository/movie_repository.go:35.16,37.3 1 0
github.com/cliffdoyle/eks-golang/internal/repository/movie_repository.go:39.2,39.33 1 0
github.com/cliffdoyle/eks-golang/internal/repository/movie_repository.go:39.33,41.3 1 0
github.com/cliffdoyle/eks-golang/internal/repository/movie_repository.go:43.2,52.16 2 0
github.com/cliffdoyle/eks-golang/internal/repository/movie_repository.go:52.16,54.3 1 0
github.com/cliffdoyle/eks-golang/internal/repository/movie_repository.go:56.2,57.33 2 0
github.com/cliffdoyle/eks-golang/internal/repository/movie_repository.go:60.40,62.2 1 1
github.com/cliffdoyle/eks-golang/internal/repository/movie_repository.go:64.63,66.16 2 1
github.com/cliffdoyle/eks-golang/internal/repository/movie_repository.go:66.16,68.3 1 1
github.com/cliffdoyle/eks-golang/internal/repository/movie_repository.go:69.2,72.18 3 1
github.com/cliffdoyle/eks-golang/internal/repository/movie_repository.go:72.18,74.81 2 1
github.com/cliffdoyle/eks-golang/internal/repository/movie_repository.go:74.81,76.4 1 0
github.com/cliffdoyle/eks-golang/internal/repository/movie_repository.go:77.3,77.29 1 1
github.com/cliffdoyle/eks-golang/internal/repository/movie_repository.go:79.2,79.19 1 1
github.com/cliffdoyle/eks-golang/internal/repository/movie_repository.go:79.19,81.3 1 0
github.com/cliffdoyle/eks-golang/internal/repository/movie_repository.go:82.2,82.20 1 1
github.com/cliffdoyle/eks-golang/internal/repository/movie_repository.go:85.62,91.2 1 1
github.com/cliffdoyle/eks-golang/internal/repository/movie_repository.go:93.70,99.2 3 1
github.com/cliffdoyle/eks-golang/internal/repository/movie_repository.go:101.80,109.2 3 1
github.com/cliffdoyle/eks-golang/internal/repository/movie_repository.go:111.69,117.2 3 1
github.com/cliffdoyle/eks-golang/internal/service/movie_service.go:29.68,38.16 7 0
github.com/cliffdoyle/eks-golang/internal/service/movie_service.go:38.16,40.3 1 0
github.com/cliffdoyle/eks-golang/internal/service/movie_service.go:42.2,47.3 2 0
github.com/cliffdoyle/eks-golang/internal/service/movie_service.go:50.39,52.2 1 0
github.com/cliffdoyle/eks-golang/internal/service/movie_service.go:54.75,61.16 3 1
github.com/cliffdoyle/eks-golang/internal/service/movie_service.go:61.16,64.3 2 0
github.com/cliffdoyle/eks-golang/internal/service/movie_service.go:66.2,73.16 3 1
github.com/cliffdoyle/eks-golang/internal/service/movie_service.go:73.16,76.3 2 1
github.com/cliffdoyle/eks-golang/internal/service/movie_service.go:78.2,79.45 1 1
github.com/cliffdoyle/eks-golang/internal/service/movie_service.go:82.60,84.2 1 1
github.com/cliffdoyle/eks-golang/internal/service/movie_service.go:86.59,88.16 2 1
github.com/cliffdoyle/eks-golang/internal/service/movie_service.go:88.16,91.3 2 1
github.com/cliffdoyle/eks-golang/internal/service/movie_service.go:92.2,92.12 1 1
github.com/cliffdoyle/eks-golang/internal/service/movie_service.go:95.67,97.2 1 1
github.com/cliffdoyle/eks-golang/internal/service/movie_service.go:99.77,101.16 2 1
github.com/cliffdoyle/eks-golang/internal/service/movie_service.go:101.16,104.3 2 1
github.com/cliffdoyle/eks-golang/internal/service/movie_service.go:105.2,105.15 1 1
github.com/cliffdoyle/eks-golang/internal/service/movie_service.go:108.66,110.16 2 1
github.com/cliffdoyle/eks-golang/internal/service/movie_service.go:110.16,113.3 2 1
github.com/cliffdoyle/eks-golang/internal/service/movie_service.go:114.2,114.15 1 1
github.com/cliffdoyle/eks-golang/internal/handler/movie_handler.go:18.60,20.2 1 1
github.com/cliffdoyle/eks-golang/internal/handler/movie_handler.go:22.77,23.43 1 1
github.com/cliffdoyle/eks-golang/internal/handler/movie_handler.go:23.43,30.3 3 1
github.com/cliffdoyle/eks-golang/internal/handler/movie_handler.go:31.2,32.62 2 1
github.com/cliffdoyle/eks-golang/internal/handler/movie_handler.go:35.77,38.18 2 1
github.com/cliffdoyle/eks-golang/internal/handler/movie_handler.go:40.22,42.17 2 1
github.com/cliffdoyle/eks-golang/internal/handler/movie_handler.go:42.17,45.4 2 1
github.com/cliffdoyle/eks-golang/internal/handler/movie_handler.go:46.3,46.36 1 1
github.com/cliffdoyle/eks-golang/internal/handler/movie_handler.go:48.23,50.60 2 1
github.com/cliffdoyle/eks-golang/internal/handler/movie_handler.go:50.60,53.4 2 1
github.com/cliffdoyle/eks-golang/internal/handler/movie_handler.go:55.3,56.17 2 1
github.com/cliffdoyle/eks-golang/internal/handler/movie_handler.go:56.17,59.4 2 1
github.com/cliffdoyle/eks-golang/internal/handler/movie_handler.go:61.3,62.31 2 1
github.com/cliffdoyle/eks-golang/internal/handler/movie_handler.go:64.10,65.67 1 1
github.com/cliffdoyle/eks-golang/internal/handler/movie_handler.go:69.76,73.16 3 1
github.com/cliffdoyle/eks-golang/internal/handler/movie_handler.go:73.16,76.3 2 1
github.com/cliffdoyle/eks-golang/internal/handler/movie_handler.go:78.2,78.18 1 1
github.com/cliffdoyle/eks-golang/internal/handler/movie_handler.go:80.22,82.27 2 1
github.com/cliffdoyle/eks-golang/internal/handler/movie_handler.go:82.27,85.4 2 1
github.com/cliffdoyle/eks-golang/internal/handler/movie_handler.go:85.9,85.24 1 1
github.com/cliffdoyle/eks-golang/internal/handler/movie_handler.go:85.24,88.4 2 1
github.com/cliffdoyle/eks-golang/internal/handler/movie_handler.go:89.3,89.31 1 1
github.com/cliffdoyle/eks-golang/internal/handler/movie_handler.go:91.22,95.63 2 1
github.com/cliffdoyle/eks-golang/internal/handler/movie_handler.go:95.63,98.4 2 1
github.com/cliffdoyle/eks-golang/internal/handler/movie_handler.go:100.3,101.27 2 1
github.com/cliffdoyle/eks-golang/internal/handler/movie_handler.go:101.27,104.4 2 1
github.com/cliffdoyle/eks-golang/internal/handler/movie_handler.go:104.9,104.24 1 1
github.com/cliffdoyle/eks-golang/internal/handler/movie_handler.go:104.24,107.4 2 1
github.com/cliffdoyle/eks-golang/internal/handler/movie_handler.go:109.3,109.31 1 1
github.com/cliffdoyle/eks-golang/internal/handler/movie_handler.go:111.25,113.27 2 1
github.com/cliffdoyle/eks-golang/internal/handler/movie_handler.go:113.27,116.4 2 1
github.com/cliffdoyle/eks-golang/internal/handler/movie_handler.go:116.9,116.24 1 1
github.com/cliffdoyle/eks-golang/internal/handler/movie_handler.go:116.24,119.4 2 1
github.com/cliffdoyle/eks-golang/internal/handler/movie_handler.go:121.3,121.38 1 1
github.com/cliffdoyle/eks-golang/internal/handler/movie_handler.go:123.10,124.67 1 1
